<?xml version="1.0" encoding="UTF-8"?>
<!-- Generated by org.testng.reporters.JUnitXMLReporter -->
<testsuite ignored="0" hostname="saran" failures="0" tests="8" name="Surefire test" time="95.976" errors="0" timestamp="2026-06-03T07:29:52 IST">
  <testcase classname="tests.CartTest" name="addProductToCartTest" time="49.928"/>
  <testcase classname="tests.ConfigTest" name="readConfig" time="0.001"/>
  <testcase classname="tests.DataDrivenLoginTest" name="loginTest" time="2.433"/>
  <testcase classname="tests.DataDrivenLoginTest" name="loginTest" time="2.749"/>
  <testcase classname="tests.HomePageTest" name="verifyHomePageTitle" time="0.005"/>
  <testcase classname="tests.LaunchBrowserTest" name="verifyWebsiteTitle" time="0.015"/>
  <testcase classname="tests.LoginTest" name="verifyLoginPageOpens" time="1.842"/>
  <testcase classname="tests.ProductTest" name="searchProductTest" time="7.388"/>
</testsuite> <!-- Surefire test -->
