<?xml version="1.0" encoding="UTF-8"?>
<!-- Generated by org.testng.reporters.JUnitXMLReporter -->
<testsuite ignored="0" hostname="saran" failures="0" tests="3" name="Surefire test" time="38.535" errors="0" timestamp="2026-06-02T21:01:03 IST">
  <testcase classname="tests.ConfigTest" name="readConfig" time="0.004"/>
  <testcase classname="tests.HomePageTest" name="verifyHomePageTitle" time="0.017"/>
  <testcase classname="tests.LaunchBrowserTest" name="verifyWebsiteTitle" time="0.01"/>
</testsuite> <!-- Surefire test -->
