<?xml version="1.0" encoding="UTF-8"?>
<testng-results ignored="0" total="3" passed="3" failed="0" skipped="0">
  <reporter-output>
  </reporter-output>
  <suite started-at="2026-06-02T21:00:24 IST" name="Surefire suite" finished-at="2026-06-02T21:01:03 IST" duration-ms="38535">
    <groups>
    </groups>
    <test started-at="2026-06-02T21:00:24 IST" name="Surefire test" finished-at="2026-06-02T21:01:03 IST" duration-ms="38535">
      <class name="tests.ConfigTest">
        <test-method signature="readConfig()[pri:0, instance:tests.ConfigTest@6f96c77]" started-at="2026-06-02T21:00:24 IST" name="readConfig" finished-at="2026-06-02T21:00:24 IST" duration-ms="4" status="PASS">
          <reporter-output>
          </reporter-output>
        </test-method> <!-- readConfig -->
      </class> <!-- tests.ConfigTest -->
      <class name="tests.HomePageTest">
        <test-method is-config="true" signature="setUp()[pri:0, instance:tests.HomePageTest@be64738]" started-at="2026-06-02T21:00:24 IST" name="setUp" finished-at="2026-06-02T21:00:51 IST" duration-ms="27261" status="PASS">
          <reporter-output>
          </reporter-output>
        </test-method> <!-- setUp -->
        <test-method signature="verifyHomePageTitle()[pri:0, instance:tests.HomePageTest@be64738]" started-at="2026-06-02T21:00:51 IST" name="verifyHomePageTitle" finished-at="2026-06-02T21:00:52 IST" duration-ms="17" status="PASS">
          <reporter-output>
          </reporter-output>
        </test-method> <!-- verifyHomePageTitle -->
        <test-method is-config="true" signature="tearDown()[pri:0, instance:tests.HomePageTest@be64738]" started-at="2026-06-02T21:00:52 IST" name="tearDown" finished-at="2026-06-02T21:00:52 IST" duration-ms="301" status="PASS">
          <reporter-output>
          </reporter-output>
        </test-method> <!-- tearDown -->
      </class> <!-- tests.HomePageTest -->
      <class name="tests.LaunchBrowserTest">
        <test-method is-config="true" signature="setUp()[pri:0, instance:tests.LaunchBrowserTest@3ba9ad43]" started-at="2026-06-02T21:00:52 IST" name="setUp" finished-at="2026-06-02T21:01:03 IST" duration-ms="10712" status="PASS">
          <reporter-output>
          </reporter-output>
        </test-method> <!-- setUp -->
        <test-method signature="verifyWebsiteTitle()[pri:0, instance:tests.LaunchBrowserTest@3ba9ad43]" started-at="2026-06-02T21:01:03 IST" name="verifyWebsiteTitle" finished-at="2026-06-02T21:01:03 IST" duration-ms="10" status="PASS">
          <reporter-output>
          </reporter-output>
        </test-method> <!-- verifyWebsiteTitle -->
        <test-method is-config="true" signature="tearDown()[pri:0, instance:tests.LaunchBrowserTest@3ba9ad43]" started-at="2026-06-02T21:01:03 IST" name="tearDown" finished-at="2026-06-02T21:01:03 IST" duration-ms="193" status="PASS">
          <reporter-output>
          </reporter-output>
        </test-method> <!-- tearDown -->
      </class> <!-- tests.LaunchBrowserTest -->
    </test> <!-- Surefire test -->
  </suite> <!-- Surefire suite -->
</testng-results>
