<?xml version="1.0" encoding="UTF-8"?>
<testng-results ignored="0" total="2" passed="2" failed="0" skipped="0">
  <reporter-output>
  </reporter-output>
  <suite started-at="2026-06-02T20:56:50 IST" name="Surefire suite" finished-at="2026-06-02T20:56:55 IST" duration-ms="5326">
    <groups>
    </groups>
    <test started-at="2026-06-02T20:56:50 IST" name="Surefire test" finished-at="2026-06-02T20:56:55 IST" duration-ms="5326">
      <class name="tests.ConfigTest">
        <test-method signature="readConfig()[pri:0, instance:tests.ConfigTest@4c9f8c13]" started-at="2026-06-02T20:56:50 IST" name="readConfig" finished-at="2026-06-02T20:56:50 IST" duration-ms="6" status="PASS">
          <reporter-output>
          </reporter-output>
        </test-method> <!-- readConfig -->
      </class> <!-- tests.ConfigTest -->
      <class name="tests.LaunchBrowserTest">
        <test-method is-config="true" signature="setUp()[pri:0, instance:tests.LaunchBrowserTest@5ae50ce6]" started-at="2026-06-02T20:56:50 IST" name="setUp" finished-at="2026-06-02T20:56:53 IST" duration-ms="3296" status="PASS">
          <reporter-output>
          </reporter-output>
        </test-method> <!-- setUp -->
        <test-method signature="verifyWebsiteTitle()[pri:0, instance:tests.LaunchBrowserTest@5ae50ce6]" started-at="2026-06-02T20:56:53 IST" name="verifyWebsiteTitle" finished-at="2026-06-02T20:56:55 IST" duration-ms="1809" status="PASS">
          <reporter-output>
          </reporter-output>
        </test-method> <!-- verifyWebsiteTitle -->
        <test-method is-config="true" signature="tearDown()[pri:0, instance:tests.LaunchBrowserTest@5ae50ce6]" started-at="2026-06-02T20:56:55 IST" name="tearDown" finished-at="2026-06-02T20:56:55 IST" duration-ms="178" status="PASS">
          <reporter-output>
          </reporter-output>
        </test-method> <!-- tearDown -->
      </class> <!-- tests.LaunchBrowserTest -->
    </test> <!-- Surefire test -->
  </suite> <!-- Surefire suite -->
</testng-results>
